

Commandline Options: Namespace(config=None, force=False)
**************** Station: Ambewela Farm, start_date: 2019-08-13 10:36:19, end_date: 2019-08-13 12:36:19 **************
#############Extracting and Pushing Precipitation of Station: Ambewela Farm###############
Pushing the extracted timeseries: d38fdf68551bad23a6ea672cc0106dd56e6a2ea6f3bd05e904fc2d7dfb6a6d33 to the pushing DB...
Inserted 0 rows from 20 tmieseries values successfully...
Unknown variable type: Tick
**************** Station: Mahapallegama, start_date: 2019-08-13 10:36:19, end_date: 2019-08-13 12:36:19 **************
#############Extracting and Pushing Precipitation of Station: Mahapallegama###############
No value in the timeseries for the Precipitation of station_Id: curw_mahapallegama in the extracting DB.
#############Extracting and Pushing Temperature of Station: Mahapallegama###############
No timeseries for the Precipitation of station_Id: curw_mahapallegama in the extracting DB.
Unknown variable type: Tick
**************** Station: Kottawa North Dharmapala School, start_date: 2019-08-13 10:36:19, end_date: 2019-08-13 12:36:19 **************
#############Extracting and Pushing Precipitation of Station: Kottawa North Dharmapala School###############
Pushing the extracted timeseries: aeddcaddfe82d0abb1c8434f5e82933aa3ff3c63aa55bf80ba87b212aba58d8c to the pushing DB...
Inserted 1 rows from 22 tmieseries values successfully...
#############Extracting and Pushing Temperature of Station: Kottawa North Dharmapala School###############
Pushing the extracted timeseries: 2cdd9cae859d1879cc896c1a295102db4279b42d0f66460ecd349b0fa1a58a91 to the pushing DB...
Inserted 1 rows from 23 tmieseries values successfully...
Unknown variable type: Tick
#############Extracting and Pushing WindSpeed of Station: Kottawa North Dharmapala School###############
Pushing the extracted timeseries: aff5532662bef13a01792bdbd89fee48e64b94641d43728c81c538972b3bb3f1 to the pushing DB...
Inserted 1 rows from 23 tmieseries values successfully...
#############Extracting and Pushing WindDirection of Station: Kottawa North Dharmapala School###############
Pushing the extracted timeseries: b0ca4473a744cc6aeddd98f319658257b0046ca62b240505c6658e45dbf8f12b to the pushing DB...
Inserted 1 rows from 23 tmieseries values successfully...
#############Extracting and Pushing Humidity of Station: Kottawa North Dharmapala School###############
Pushing the extracted timeseries: 0d74525b6e625019c2e7375f45baf4fbc015f7b33c67034285b972848c5f4b01 to the pushing DB...
Inserted 1 rows from 23 tmieseries values successfully...
**************** Station: Kotikawatta, start_date: 2019-08-13 10:36:19, end_date: 2019-08-13 12:36:19 **************
#############Extracting and Pushing Precipitation of Station: Kotikawatta###############
Pushing the extracted timeseries: 1ce1d5b46adc69d29c3dfde3f0f956d06050792827d4340cabd1079162c6bff8 to the pushing DB...
Inserted 1 rows from 23 tmieseries values successfully...
#############Extracting and Pushing Temperature of Station: Kotikawatta###############
Pushing the extracted timeseries: 7b285b184a959751aae7a37735e3fe026895927155e05a6c4d302210328ccde0 to the pushing DB...
Inserted 1 rows from 24 tmieseries values successfully...
#############Extracting and Pushing WindSpeed of Station: Kotikawatta###############
Pushing the extracted timeseries: 7911e307dd39d4c13a40f79f5df918f21eec0ec2d30f3aae65a29691d30b859c to the pushing DB...
Inserted 1 rows from 23 tmieseries values successfully...
#############Extracting and Pushing WindDirection of Station: Kotikawatta###############
Pushing the extracted timeseries: 1da94ee0862624e3df6b760cc462122ee9c9eb1a475dc66da6289e357b5f33c5 to the pushing DB...
Inserted 1 rows from 23 tmieseries values successfully...
#############Extracting and Pushing Humidity of Station: Kotikawatta###############
Pushing the extracted timeseries: a54f9534b693276495283793a214f89399b398367078c253c03cb2a2060ab024 to the pushing DB...
Inserted 1 rows from 23 tmieseries values successfully...
Unknown variable type: Tick
**************** Station: Waga, start_date: 2019-08-13 10:36:19, end_date: 2019-08-13 12:36:19 **************
#############Extracting and Pushing Precipitation of Station: Waga###############
No value in the timeseries for the Precipitation of station_Id: curw_waga in the extracting DB.
Unknown variable type: Tick
**************** Station: Mutwal, start_date: 2019-08-13 10:36:19, end_date: 2019-08-13 12:36:19 **************
#############Extracting and Pushing Precipitation of Station: Mutwal###############
No value in the timeseries for the Precipitation of station_Id: curw_mutwal in the extracting DB.
Unknown variable type: Tick
**************** Station: Malabe, start_date: 2019-08-13 10:36:19, end_date: 2019-08-13 12:36:19 **************
#############Extracting and Pushing Precipitation of Station: Malabe###############
No value in the timeseries for the Precipitation of station_Id: curw_malabe in the extracting DB.
Unknown variable type: Tick
**************** Station: Dickoya, start_date: 2019-08-13 10:36:19, end_date: 2019-08-13 12:36:19 **************
#############Extracting and Pushing Precipitation of Station: Dickoya###############
Pushing the extracted timeseries: f2104d445b7df5ff1134ff0abb1aaf4c613af83ee454a5e6990022e2f6482828 to the pushing DB...
Inserted 0 rows from 20 tmieseries values successfully...
Unknown variable type: Tick
**************** Station: Ambewela Farm, start_date: 2019-08-13 10:36:19, end_date: 2019-08-13 12:36:19 **************
#############Extracting and Pushing Precipitation of Station: Ambewela Farm###############
Pushing the extracted timeseries: d38fdf68551bad23a6ea672cc0106dd56e6a2ea6f3bd05e904fc2d7dfb6a6d33 to the pushing DB...
Inserted 0 rows from 20 tmieseries values successfully...
Unknown variable type: Tick
**************** Station: Mulleriyawa, start_date: 2019-08-13 10:36:19, end_date: 2019-08-13 12:36:19 **************
#############Extracting and Pushing Precipitation of Station: Mulleriyawa###############
No value in the timeseries for the Precipitation of station_Id: curw_mulleriyawa in the extracting DB.
Unknown variable type: Tick
**************** Station: Attidiya, start_date: 2019-08-13 10:36:19, end_date: 2019-08-13 12:36:19 **************
#############Extracting and Pushing Precipitation of Station: Attidiya###############
No value in the timeseries for the Precipitation of station_Id: curw_attidiya in the extracting DB.
Unknown variable type: Tick
**************** Station: Kohuwala, start_date: 2019-08-13 10:36:19, end_date: 2019-08-13 12:36:19 **************
#############Extracting and Pushing Precipitation of Station: Kohuwala###############
No value in the timeseries for the Precipitation of station_Id: curw_kohuwala in the extracting DB.
Unknown variable type: Tick
**************** Station: Hingurana, start_date: 2019-08-13 10:36:19, end_date: 2019-08-13 12:36:19 **************
#############Extracting and Pushing Precipitation of Station: Hingurana###############
No value in the timeseries for the Precipitation of station_Id: curw_hingurana in the extracting DB.
#############Extracting and Pushing Temperature of Station: Hingurana###############
No value in the timeseries for the Temperature of station_Id: curw_hingurana in the extracting DB.
#############Extracting and Pushing WindSpeed of Station: Hingurana###############
No value in the timeseries for the WindSpeed of station_Id: curw_hingurana in the extracting DB.
#############Extracting and Pushing WindGust of Station: Hingurana###############
No value in the timeseries for the WindGust of station_Id: curw_hingurana in the extracting DB.
#############Extracting and Pushing WindDirection of Station: Hingurana###############
No value in the timeseries for the WindDirection of station_Id: curw_hingurana in the extracting DB.
#############Extracting and Pushing Humidity of Station: Hingurana###############
No value in the timeseries for the Humidity of station_Id: curw_hingurana in the extracting DB.
#############Extracting and Pushing SolarRadiation of Station: Hingurana###############
No value in the timeseries for the SolarRadiation of station_Id: curw_hingurana in the extracting DB.
**************** Station: Jaffna, start_date: 2019-08-13 10:36:19, end_date: 2019-08-13 12:36:19 **************
#############Extracting and Pushing Precipitation of Station: Jaffna###############
Pushing the extracted timeseries: c9a5ed8264633afe15fcaeabf5249fa9dc62eeb1bb780ecf8d4fc46d78d04da3 to the pushing DB...
Inserted 0 rows from 24 tmieseries values successfully...
#############Extracting and Pushing Temperature of Station: Jaffna###############
Pushing the extracted timeseries: bbab011d9e8613a19d798b0d82371a1d5a3b5fa106f155d88d40f00d0f9c8171 to the pushing DB...
Inserted 2 rows from 25 tmieseries values successfully...
#############Extracting and Pushing WindSpeed of Station: Jaffna###############
Pushing the extracted timeseries: 74ea6b5d24ac99c83f84c9d511c8fbc2aa6198ab0c8f95373080f409d71b19e4 to the pushing DB...
Inserted 4 rows from 25 tmieseries values successfully...
#############Extracting and Pushing WindGust of Station: Jaffna###############
Pushing the extracted timeseries: 99aeb67cc30c296f217a879fde04b3f564cde4e0db12a827cd75049a0a858469 to the pushing DB...
Inserted 4 rows from 25 tmieseries values successfully...
#############Extracting and Pushing WindDirection of Station: Jaffna###############
Pushing the extracted timeseries: e64f948016c3ceeac30b4c3b67d5d9f14f1af3bd9e4afddc226321967e2dfdbb to the pushing DB...
Inserted 0 rows from 25 tmieseries values successfully...
#############Extracting and Pushing Humidity of Station: Jaffna###############
Pushing the extracted timeseries: 3927dfdb7d2fa6f1cb64de364dea5cd77ea3ef33dac495b92be0229976b103b9 to the pushing DB...
Inserted 0 rows from 25 tmieseries values successfully...
#############Extracting and Pushing SolarRadiation of Station: Jaffna###############
Pushing the extracted timeseries: 1ab22d8936115db3c173e44bd69fd14e5bec99920307163afa811c82a0b43206 to the pushing DB...
Inserted 4 rows from 25 tmieseries values successfully...
**************** Station: Uduwawala, start_date: 2019-08-13 10:36:19, end_date: 2019-08-13 12:36:19 **************
#############Extracting and Pushing Precipitation of Station: Uduwawala###############
No value in the timeseries for the Precipitation of station_Id: curw_uduwawala in the extracting DB.
#############Extracting and Pushing Temperature of Station: Uduwawala###############
No value in the timeseries for the Temperature of station_Id: curw_uduwawala in the extracting DB.
#############Extracting and Pushing WindSpeed of Station: Uduwawala###############
No value in the timeseries for the WindSpeed of station_Id: curw_uduwawala in the extracting DB.
#############Extracting and Pushing WindGust of Station: Uduwawala###############
No value in the timeseries for the WindGust of station_Id: curw_uduwawala in the extracting DB.
#############Extracting and Pushing WindDirection of Station: Uduwawala###############
No value in the timeseries for the WindDirection of station_Id: curw_uduwawala in the extracting DB.
#############Extracting and Pushing Humidity of Station: Uduwawala###############
No value in the timeseries for the Humidity of station_Id: curw_uduwawala in the extracting DB.
#############Extracting and Pushing SolarRadiation of Station: Uduwawala###############
No value in the timeseries for the SolarRadiation of station_Id: curw_uduwawala in the extracting DB.
**************** Station: Orugodawatta, start_date: 2019-08-13 10:36:19, end_date: 2019-08-13 12:36:19 **************
#############Extracting and Pushing Precipitation of Station: Orugodawatta###############
No value in the timeseries for the Precipitation of station_Id: curw_orugodawatta in the extracting DB.
#############Extracting and Pushing Temperature of Station: Orugodawatta###############
No value in the timeseries for the Temperature of station_Id: curw_orugodawatta in the extracting DB.
**************** Station: IBATTARA2, start_date: 2019-08-13 10:36:19, end_date: 2019-08-13 12:36:19 **************
#############Extracting and Pushing Precipitation of Station: IBATTARA2###############
Pushing the extracted timeseries: b7751a87e5ef0b31bc57a1809459dde62e80a1d908a60e8ee10358603b3141fd to the pushing DB...
Inserted 0 rows from 21 tmieseries values successfully...
#############Extracting and Pushing Temperature of Station: IBATTARA2###############
Pushing the extracted timeseries: 7a735c24e0b9dc46ab14d11e0095cd14f0d59714a88ef9bdc5329b9f272a4317 to the pushing DB...
Inserted 0 rows from 22 tmieseries values successfully...
**************** Station: Urumewella, start_date: 2019-08-13 10:36:19, end_date: 2019-08-13 12:36:19 **************
#############Extracting and Pushing Precipitation of Station: Urumewella###############
Pushing the extracted timeseries: 0af5ecec986be44699e267415799b8b349eeb4e4925881a9fad5cf47fa8f3019 to the pushing DB...
Inserted 0 rows from 20 tmieseries values successfully...
Unknown variable type: Tick
**************** Station: Aruwakkalu, start_date: 2019-08-13 10:36:19, end_date: 2019-08-13 12:36:19 **************
#############Extracting and Pushing Precipitation of Station: Aruwakkalu###############
No timeseries for the Precipitation of station_Id: curw_ws_aruwakkalu in the extracting DB.
#############Extracting and Pushing Temperature of Station: Aruwakkalu###############
No timeseries for the Precipitation of station_Id: curw_ws_aruwakkalu in the extracting DB.
#############Extracting and Pushing WindSpeed of Station: Aruwakkalu###############
No timeseries for the Precipitation of station_Id: curw_ws_aruwakkalu in the extracting DB.
#############Extracting and Pushing WindDirection of Station: Aruwakkalu###############
No timeseries for the Precipitation of station_Id: curw_ws_aruwakkalu in the extracting DB.
#############Extracting and Pushing Humidity of Station: Aruwakkalu###############
No timeseries for the Precipitation of station_Id: curw_ws_aruwakkalu in the extracting DB.
Unknown variable type: Tick
**************** Station: Leecom WL Guage, start_date: 2019-08-13 10:36:19, end_date: 2019-08-13 12:36:19 **************
#############Extracting and water level of Station: Leecom WL Guage###############
Pushing the extracted timeseries: 9794fc574333193311c6399260819355bd30b9f66f71168a56ccbe66d73faac6 to the pushing DB...
Inserted 1 rows from 24 tmieseries values successfully...
**************** Station: Diyasaru Uyana, start_date: 2019-08-13 10:36:19, end_date: 2019-08-13 12:36:19 **************
#############Extracting and water level of Station: Diyasaru Uyana###############
Pushing the extracted timeseries: e32d036201b193da24454fe80b5f81c9267f7e5ee7b3838aa4ba1cc1ee7d7d11 to the pushing DB...
Inserted 1 rows from 21 tmieseries values successfully...
**************** Station: Janakala Kendraya, start_date: 2019-08-13 10:36:19, end_date: 2019-08-13 12:36:19 **************
#############Extracting and water level of Station: Janakala Kendraya###############
Pushing the extracted timeseries: 70648fc7b9abd08530b1d735b5db19b3e940b8b5b72dd696c8114b0c4b01a6d2 to the pushing DB...
Inserted 1 rows from 24 tmieseries values successfully...
**************** Station: Ingurukade, start_date: 2019-08-13 10:36:19, end_date: 2019-08-13 12:36:19 **************
#############Extracting and water level of Station: Ingurukade###############
Pushing the extracted timeseries: 5c5210be1577a01a138fd646dff963fe4974c4dab1accd175cc8ff73cf11bae8 to the pushing DB...
Inserted 1 rows from 24 tmieseries values successfully...
**************** Station: Yakbedda, start_date: 2019-08-13 10:36:19, end_date: 2019-08-13 12:36:19 **************
#############Extracting and water level of Station: Yakbedda###############
Pushing the extracted timeseries: 327623fdbfa1443611273a2cd99372fdabd519d415d76839b17155f4f63c3b0f to the pushing DB...
Inserted 1 rows from 24 tmieseries values successfully...
**************** Station: Wellampitiya, start_date: 2019-08-13 10:36:19, end_date: 2019-08-13 12:36:19 **************
#############Extracting and water level of Station: Wellampitiya###############
Pushing the extracted timeseries: b1a3f3b458e68295d1ec7c07042712b2ce94cdf7434fb74866bb310ce17d5e71 to the pushing DB...
Inserted 1 rows from 24 tmieseries values successfully...
**************** Station: Wellawatta, start_date: 2019-08-13 10:36:19, end_date: 2019-08-13 12:36:19 **************
#############Extracting and water level of Station: Wellawatta###############
Pushing the extracted timeseries: fcd9608cafcb5e48b7c93f6fe61feb8803cea591a2c93bebb9244c47dc116a53 to the pushing DB...
Inserted 1 rows from 24 tmieseries values successfully...
**************** Station: Kitulgala, start_date: 2019-08-13 10:36:19, end_date: 2019-08-13 12:36:19 **************
#############Extracting and water level of Station: Kitulgala###############
No value in the timeseries for the Waterlevel of station_Id: curw_wl_kitulgala in the extracting DB.
**************** Station: Ranwala Bridge, start_date: 2019-08-13 10:36:19, end_date: 2019-08-13 12:36:19 **************
#############Extracting and water level of Station: Ranwala Bridge###############
No value in the timeseries for the Waterlevel of station_Id: curw_wl_ranwala in the extracting DB.
**************** Station: Mattakkuliya, start_date: 2019-08-13 10:36:19, end_date: 2019-08-13 12:36:19 **************
#############Extracting and water level of Station: Mattakkuliya###############
No value in the timeseries for the Waterlevel of station_Id: curw_wl_mattakkuliya in the extracting DB.


Commandline Options: Namespace(config=None, force=False)
**************** Station: Ambewela Farm, start_date: 2019-08-13 10:40:02, end_date: 2019-08-13 12:40:02 **************
#############Extracting and Pushing Precipitation of Station: Ambewela Farm###############
Pushing the extracted timeseries: d38fdf68551bad23a6ea672cc0106dd56e6a2ea6f3bd05e904fc2d7dfb6a6d33 to the pushing DB...
Inserted 2 rows from 22 tmieseries values successfully...
Unknown variable type: Tick
**************** Station: Mahapallegama, start_date: 2019-08-13 10:40:02, end_date: 2019-08-13 12:40:02 **************
#############Extracting and Pushing Precipitation of Station: Mahapallegama###############
No value in the timeseries for the Precipitation of station_Id: curw_mahapallegama in the extracting DB.
#############Extracting and Pushing Temperature of Station: Mahapallegama###############
No timeseries for the Precipitation of station_Id: curw_mahapallegama in the extracting DB.
Unknown variable type: Tick
**************** Station: Kottawa North Dharmapala School, start_date: 2019-08-13 10:40:02, end_date: 2019-08-13 12:40:02 **************
#############Extracting and Pushing Precipitation of Station: Kottawa North Dharmapala School###############
Pushing the extracted timeseries: aeddcaddfe82d0abb1c8434f5e82933aa3ff3c63aa55bf80ba87b212aba58d8c to the pushing DB...
Inserted 0 rows from 22 tmieseries values successfully...
#############Extracting and Pushing Temperature of Station: Kottawa North Dharmapala School###############
Pushing the extracted timeseries: 2cdd9cae859d1879cc896c1a295102db4279b42d0f66460ecd349b0fa1a58a91 to the pushing DB...
Inserted 0 rows from 23 tmieseries values successfully...
Unknown variable type: Tick
#############Extracting and Pushing WindSpeed of Station: Kottawa North Dharmapala School###############
Pushing the extracted timeseries: aff5532662bef13a01792bdbd89fee48e64b94641d43728c81c538972b3bb3f1 to the pushing DB...
Inserted 0 rows from 23 tmieseries values successfully...
#############Extracting and Pushing WindDirection of Station: Kottawa North Dharmapala School###############
Pushing the extracted timeseries: b0ca4473a744cc6aeddd98f319658257b0046ca62b240505c6658e45dbf8f12b to the pushing DB...
Inserted 0 rows from 23 tmieseries values successfully...
#############Extracting and Pushing Humidity of Station: Kottawa North Dharmapala School###############
Pushing the extracted timeseries: 0d74525b6e625019c2e7375f45baf4fbc015f7b33c67034285b972848c5f4b01 to the pushing DB...
Inserted 0 rows from 23 tmieseries values successfully...
**************** Station: Kotikawatta, start_date: 2019-08-13 10:40:02, end_date: 2019-08-13 12:40:02 **************
#############Extracting and Pushing Precipitation of Station: Kotikawatta###############
Pushing the extracted timeseries: 1ce1d5b46adc69d29c3dfde3f0f956d06050792827d4340cabd1079162c6bff8 to the pushing DB...
Inserted 0 rows from 23 tmieseries values successfully...
#############Extracting and Pushing Temperature of Station: Kotikawatta###############
Pushing the extracted timeseries: 7b285b184a959751aae7a37735e3fe026895927155e05a6c4d302210328ccde0 to the pushing DB...
Inserted 0 rows from 24 tmieseries values successfully...
#############Extracting and Pushing WindSpeed of Station: Kotikawatta###############
Pushing the extracted timeseries: 7911e307dd39d4c13a40f79f5df918f21eec0ec2d30f3aae65a29691d30b859c to the pushing DB...
Inserted 0 rows from 23 tmieseries values successfully...
#############Extracting and Pushing WindDirection of Station: Kotikawatta###############
Pushing the extracted timeseries: 1da94ee0862624e3df6b760cc462122ee9c9eb1a475dc66da6289e357b5f33c5 to the pushing DB...
Inserted 0 rows from 23 tmieseries values successfully...
#############Extracting and Pushing Humidity of Station: Kotikawatta###############
Pushing the extracted timeseries: a54f9534b693276495283793a214f89399b398367078c253c03cb2a2060ab024 to the pushing DB...
Inserted 0 rows from 23 tmieseries values successfully...
Unknown variable type: Tick
**************** Station: Waga, start_date: 2019-08-13 10:40:02, end_date: 2019-08-13 12:40:02 **************
#############Extracting and Pushing Precipitation of Station: Waga###############
No value in the timeseries for the Precipitation of station_Id: curw_waga in the extracting DB.
Unknown variable type: Tick
**************** Station: Mutwal, start_date: 2019-08-13 10:40:02, end_date: 2019-08-13 12:40:02 **************
#############Extracting and Pushing Precipitation of Station: Mutwal###############
No value in the timeseries for the Precipitation of station_Id: curw_mutwal in the extracting DB.
Unknown variable type: Tick
**************** Station: Malabe, start_date: 2019-08-13 10:40:02, end_date: 2019-08-13 12:40:02 **************
#############Extracting and Pushing Precipitation of Station: Malabe###############
No value in the timeseries for the Precipitation of station_Id: curw_malabe in the extracting DB.
Unknown variable type: Tick
**************** Station: Dickoya, start_date: 2019-08-13 10:40:02, end_date: 2019-08-13 12:40:02 **************
#############Extracting and Pushing Precipitation of Station: Dickoya###############
Pushing the extracted timeseries: f2104d445b7df5ff1134ff0abb1aaf4c613af83ee454a5e6990022e2f6482828 to the pushing DB...
Inserted 1 rows from 21 tmieseries values successfully...
Unknown variable type: Tick
**************** Station: Ambewela Farm, start_date: 2019-08-13 10:40:02, end_date: 2019-08-13 12:40:02 **************
#############Extracting and Pushing Precipitation of Station: Ambewela Farm###############
Pushing the extracted timeseries: d38fdf68551bad23a6ea672cc0106dd56e6a2ea6f3bd05e904fc2d7dfb6a6d33 to the pushing DB...
Inserted 0 rows from 22 tmieseries values successfully...
Unknown variable type: Tick
**************** Station: Mulleriyawa, start_date: 2019-08-13 10:40:02, end_date: 2019-08-13 12:40:02 **************
#############Extracting and Pushing Precipitation of Station: Mulleriyawa###############
No value in the timeseries for the Precipitation of station_Id: curw_mulleriyawa in the extracting DB.
Unknown variable type: Tick
**************** Station: Attidiya, start_date: 2019-08-13 10:40:02, end_date: 2019-08-13 12:40:02 **************
#############Extracting and Pushing Precipitation of Station: Attidiya###############
No value in the timeseries for the Precipitation of station_Id: curw_attidiya in the extracting DB.
Unknown variable type: Tick
**************** Station: Kohuwala, start_date: 2019-08-13 10:40:02, end_date: 2019-08-13 12:40:02 **************
#############Extracting and Pushing Precipitation of Station: Kohuwala###############
No value in the timeseries for the Precipitation of station_Id: curw_kohuwala in the extracting DB.
Unknown variable type: Tick
**************** Station: Hingurana, start_date: 2019-08-13 10:40:02, end_date: 2019-08-13 12:40:02 **************
#############Extracting and Pushing Precipitation of Station: Hingurana###############
No value in the timeseries for the Precipitation of station_Id: curw_hingurana in the extracting DB.
#############Extracting and Pushing Temperature of Station: Hingurana###############
No value in the timeseries for the Temperature of station_Id: curw_hingurana in the extracting DB.
#############Extracting and Pushing WindSpeed of Station: Hingurana###############
No value in the timeseries for the WindSpeed of station_Id: curw_hingurana in the extracting DB.
#############Extracting and Pushing WindGust of Station: Hingurana###############
No value in the timeseries for the WindGust of station_Id: curw_hingurana in the extracting DB.
#############Extracting and Pushing WindDirection of Station: Hingurana###############
No value in the timeseries for the WindDirection of station_Id: curw_hingurana in the extracting DB.
#############Extracting and Pushing Humidity of Station: Hingurana###############
No value in the timeseries for the Humidity of station_Id: curw_hingurana in the extracting DB.
#############Extracting and Pushing SolarRadiation of Station: Hingurana###############
No value in the timeseries for the SolarRadiation of station_Id: curw_hingurana in the extracting DB.
**************** Station: Jaffna, start_date: 2019-08-13 10:40:02, end_date: 2019-08-13 12:40:02 **************
#############Extracting and Pushing Precipitation of Station: Jaffna###############
Pushing the extracted timeseries: c9a5ed8264633afe15fcaeabf5249fa9dc62eeb1bb780ecf8d4fc46d78d04da3 to the pushing DB...
Inserted 0 rows from 23 tmieseries values successfully...
#############Extracting and Pushing Temperature of Station: Jaffna###############
Pushing the extracted timeseries: bbab011d9e8613a19d798b0d82371a1d5a3b5fa106f155d88d40f00d0f9c8171 to the pushing DB...
Inserted 2 rows from 24 tmieseries values successfully...
#############Extracting and Pushing WindSpeed of Station: Jaffna###############
Pushing the extracted timeseries: 74ea6b5d24ac99c83f84c9d511c8fbc2aa6198ab0c8f95373080f409d71b19e4 to the pushing DB...
Inserted 2 rows from 24 tmieseries values successfully...
#############Extracting and Pushing WindGust of Station: Jaffna###############
Pushing the extracted timeseries: 99aeb67cc30c296f217a879fde04b3f564cde4e0db12a827cd75049a0a858469 to the pushing DB...
Inserted 2 rows from 24 tmieseries values successfully...
#############Extracting and Pushing WindDirection of Station: Jaffna###############
Pushing the extracted timeseries: e64f948016c3ceeac30b4c3b67d5d9f14f1af3bd9e4afddc226321967e2dfdbb to the pushing DB...
Inserted 0 rows from 24 tmieseries values successfully...
#############Extracting and Pushing Humidity of Station: Jaffna###############
Pushing the extracted timeseries: 3927dfdb7d2fa6f1cb64de364dea5cd77ea3ef33dac495b92be0229976b103b9 to the pushing DB...
Inserted 0 rows from 24 tmieseries values successfully...
#############Extracting and Pushing SolarRadiation of Station: Jaffna###############
Pushing the extracted timeseries: 1ab22d8936115db3c173e44bd69fd14e5bec99920307163afa811c82a0b43206 to the pushing DB...
Inserted 2 rows from 24 tmieseries values successfully...
**************** Station: Uduwawala, start_date: 2019-08-13 10:40:02, end_date: 2019-08-13 12:40:02 **************
#############Extracting and Pushing Precipitation of Station: Uduwawala###############
No value in the timeseries for the Precipitation of station_Id: curw_uduwawala in the extracting DB.
#############Extracting and Pushing Temperature of Station: Uduwawala###############
No value in the timeseries for the Temperature of station_Id: curw_uduwawala in the extracting DB.
#############Extracting and Pushing WindSpeed of Station: Uduwawala###############
No value in the timeseries for the WindSpeed of station_Id: curw_uduwawala in the extracting DB.
#############Extracting and Pushing WindGust of Station: Uduwawala###############
No value in the timeseries for the WindGust of station_Id: curw_uduwawala in the extracting DB.
#############Extracting and Pushing WindDirection of Station: Uduwawala###############
No value in the timeseries for the WindDirection of station_Id: curw_uduwawala in the extracting DB.
#############Extracting and Pushing Humidity of Station: Uduwawala###############
No value in the timeseries for the Humidity of station_Id: curw_uduwawala in the extracting DB.
#############Extracting and Pushing SolarRadiation of Station: Uduwawala###############
No value in the timeseries for the SolarRadiation of station_Id: curw_uduwawala in the extracting DB.
**************** Station: Orugodawatta, start_date: 2019-08-13 10:40:02, end_date: 2019-08-13 12:40:02 **************
#############Extracting and Pushing Precipitation of Station: Orugodawatta###############
No value in the timeseries for the Precipitation of station_Id: curw_orugodawatta in the extracting DB.
#############Extracting and Pushing Temperature of Station: Orugodawatta###############
No value in the timeseries for the Temperature of station_Id: curw_orugodawatta in the extracting DB.
**************** Station: IBATTARA2, start_date: 2019-08-13 10:40:02, end_date: 2019-08-13 12:40:02 **************
#############Extracting and Pushing Precipitation of Station: IBATTARA2###############
Pushing the extracted timeseries: b7751a87e5ef0b31bc57a1809459dde62e80a1d908a60e8ee10358603b3141fd to the pushing DB...
Inserted 0 rows from 20 tmieseries values successfully...
#############Extracting and Pushing Temperature of Station: IBATTARA2###############
Pushing the extracted timeseries: 7a735c24e0b9dc46ab14d11e0095cd14f0d59714a88ef9bdc5329b9f272a4317 to the pushing DB...
Inserted 0 rows from 21 tmieseries values successfully...
**************** Station: Urumewella, start_date: 2019-08-13 10:40:02, end_date: 2019-08-13 12:40:02 **************
#############Extracting and Pushing Precipitation of Station: Urumewella###############
Pushing the extracted timeseries: 0af5ecec986be44699e267415799b8b349eeb4e4925881a9fad5cf47fa8f3019 to the pushing DB...
Inserted 0 rows from 20 tmieseries values successfully...
Unknown variable type: Tick
**************** Station: Aruwakkalu, start_date: 2019-08-13 10:40:02, end_date: 2019-08-13 12:40:02 **************
#############Extracting and Pushing Precipitation of Station: Aruwakkalu###############
No timeseries for the Precipitation of station_Id: curw_ws_aruwakkalu in the extracting DB.
#############Extracting and Pushing Temperature of Station: Aruwakkalu###############
No timeseries for the Precipitation of station_Id: curw_ws_aruwakkalu in the extracting DB.
#############Extracting and Pushing WindSpeed of Station: Aruwakkalu###############
No timeseries for the Precipitation of station_Id: curw_ws_aruwakkalu in the extracting DB.
#############Extracting and Pushing WindDirection of Station: Aruwakkalu###############
No timeseries for the Precipitation of station_Id: curw_ws_aruwakkalu in the extracting DB.
#############Extracting and Pushing Humidity of Station: Aruwakkalu###############
No timeseries for the Precipitation of station_Id: curw_ws_aruwakkalu in the extracting DB.
Unknown variable type: Tick
**************** Station: Leecom WL Guage, start_date: 2019-08-13 10:40:02, end_date: 2019-08-13 12:40:02 **************
#############Extracting and water level of Station: Leecom WL Guage###############
Pushing the extracted timeseries: 9794fc574333193311c6399260819355bd30b9f66f71168a56ccbe66d73faac6 to the pushing DB...
Inserted 0 rows from 23 tmieseries values successfully...
**************** Station: Diyasaru Uyana, start_date: 2019-08-13 10:40:02, end_date: 2019-08-13 12:40:02 **************
#############Extracting and water level of Station: Diyasaru Uyana###############
Pushing the extracted timeseries: e32d036201b193da24454fe80b5f81c9267f7e5ee7b3838aa4ba1cc1ee7d7d11 to the pushing DB...
Inserted 0 rows from 21 tmieseries values successfully...
**************** Station: Janakala Kendraya, start_date: 2019-08-13 10:40:02, end_date: 2019-08-13 12:40:02 **************
#############Extracting and water level of Station: Janakala Kendraya###############
Pushing the extracted timeseries: 70648fc7b9abd08530b1d735b5db19b3e940b8b5b72dd696c8114b0c4b01a6d2 to the pushing DB...
Inserted 2 rows from 23 tmieseries values successfully...
**************** Station: Ingurukade, start_date: 2019-08-13 10:40:02, end_date: 2019-08-13 12:40:02 **************
#############Extracting and water level of Station: Ingurukade###############
Pushing the extracted timeseries: 5c5210be1577a01a138fd646dff963fe4974c4dab1accd175cc8ff73cf11bae8 to the pushing DB...
Inserted 0 rows from 23 tmieseries values successfully...
**************** Station: Yakbedda, start_date: 2019-08-13 10:40:02, end_date: 2019-08-13 12:40:02 **************
#############Extracting and water level of Station: Yakbedda###############
Pushing the extracted timeseries: 327623fdbfa1443611273a2cd99372fdabd519d415d76839b17155f4f63c3b0f to the pushing DB...
Inserted 0 rows from 23 tmieseries values successfully...
**************** Station: Wellampitiya, start_date: 2019-08-13 10:40:02, end_date: 2019-08-13 12:40:02 **************
#############Extracting and water level of Station: Wellampitiya###############
Pushing the extracted timeseries: b1a3f3b458e68295d1ec7c07042712b2ce94cdf7434fb74866bb310ce17d5e71 to the pushing DB...
Inserted 0 rows from 23 tmieseries values successfully...
**************** Station: Wellawatta, start_date: 2019-08-13 10:40:02, end_date: 2019-08-13 12:40:02 **************
#############Extracting and water level of Station: Wellawatta###############
Pushing the extracted timeseries: fcd9608cafcb5e48b7c93f6fe61feb8803cea591a2c93bebb9244c47dc116a53 to the pushing DB...
Inserted 0 rows from 23 tmieseries values successfully...
**************** Station: Kitulgala, start_date: 2019-08-13 10:40:02, end_date: 2019-08-13 12:40:02 **************
#############Extracting and water level of Station: Kitulgala###############
No value in the timeseries for the Waterlevel of station_Id: curw_wl_kitulgala in the extracting DB.
**************** Station: Ranwala Bridge, start_date: 2019-08-13 10:40:02, end_date: 2019-08-13 12:40:02 **************
#############Extracting and water level of Station: Ranwala Bridge###############
No value in the timeseries for the Waterlevel of station_Id: curw_wl_ranwala in the extracting DB.
**************** Station: Mattakkuliya, start_date: 2019-08-13 10:40:02, end_date: 2019-08-13 12:40:02 **************
#############Extracting and water level of Station: Mattakkuliya###############
No value in the timeseries for the Waterlevel of station_Id: curw_wl_mattakkuliya in the extracting DB.


Commandline Options: Namespace(config=None, force=False)
**************** Station: Ambewela Farm, start_date: 2019-08-13 10:45:02, end_date: 2019-08-13 12:45:02 **************
#############Extracting and Pushing Precipitation of Station: Ambewela Farm###############
Pushing the extracted timeseries: d38fdf68551bad23a6ea672cc0106dd56e6a2ea6f3bd05e904fc2d7dfb6a6d33 to the pushing DB...
Inserted 1 rows from 22 tmieseries values successfully...
Unknown variable type: Tick
**************** Station: Mahapallegama, start_date: 2019-08-13 10:45:02, end_date: 2019-08-13 12:45:02 **************
#############Extracting and Pushing Precipitation of Station: Mahapallegama###############
No value in the timeseries for the Precipitation of station_Id: curw_mahapallegama in the extracting DB.
#############Extracting and Pushing Temperature of Station: Mahapallegama###############
No timeseries for the Precipitation of station_Id: curw_mahapallegama in the extracting DB.
Unknown variable type: Tick
**************** Station: Kottawa North Dharmapala School, start_date: 2019-08-13 10:45:02, end_date: 2019-08-13 12:45:02 **************
#############Extracting and Pushing Precipitation of Station: Kottawa North Dharmapala School###############
Pushing the extracted timeseries: aeddcaddfe82d0abb1c8434f5e82933aa3ff3c63aa55bf80ba87b212aba58d8c to the pushing DB...
Inserted 1 rows from 22 tmieseries values successfully...
#############Extracting and Pushing Temperature of Station: Kottawa North Dharmapala School###############
Pushing the extracted timeseries: 2cdd9cae859d1879cc896c1a295102db4279b42d0f66460ecd349b0fa1a58a91 to the pushing DB...
Inserted 1 rows from 23 tmieseries values successfully...
Unknown variable type: Tick
#############Extracting and Pushing WindSpeed of Station: Kottawa North Dharmapala School###############
Pushing the extracted timeseries: aff5532662bef13a01792bdbd89fee48e64b94641d43728c81c538972b3bb3f1 to the pushing DB...
Inserted 1 rows from 23 tmieseries values successfully...
#############Extracting and Pushing WindDirection of Station: Kottawa North Dharmapala School###############
Pushing the extracted timeseries: b0ca4473a744cc6aeddd98f319658257b0046ca62b240505c6658e45dbf8f12b to the pushing DB...
Inserted 1 rows from 23 tmieseries values successfully...
#############Extracting and Pushing Humidity of Station: Kottawa North Dharmapala School###############
Pushing the extracted timeseries: 0d74525b6e625019c2e7375f45baf4fbc015f7b33c67034285b972848c5f4b01 to the pushing DB...
Inserted 1 rows from 23 tmieseries values successfully...
**************** Station: Kotikawatta, start_date: 2019-08-13 10:45:02, end_date: 2019-08-13 12:45:02 **************
#############Extracting and Pushing Precipitation of Station: Kotikawatta###############
Pushing the extracted timeseries: 1ce1d5b46adc69d29c3dfde3f0f956d06050792827d4340cabd1079162c6bff8 to the pushing DB...
Inserted 1 rows from 23 tmieseries values successfully...
#############Extracting and Pushing Temperature of Station: Kotikawatta###############
Pushing the extracted timeseries: 7b285b184a959751aae7a37735e3fe026895927155e05a6c4d302210328ccde0 to the pushing DB...
Inserted 1 rows from 24 tmieseries values successfully...
#############Extracting and Pushing WindSpeed of Station: Kotikawatta###############
Pushing the extracted timeseries: 7911e307dd39d4c13a40f79f5df918f21eec0ec2d30f3aae65a29691d30b859c to the pushing DB...
Inserted 1 rows from 23 tmieseries values successfully...
#############Extracting and Pushing WindDirection of Station: Kotikawatta###############
Pushing the extracted timeseries: 1da94ee0862624e3df6b760cc462122ee9c9eb1a475dc66da6289e357b5f33c5 to the pushing DB...
Inserted 1 rows from 23 tmieseries values successfully...
#############Extracting and Pushing Humidity of Station: Kotikawatta###############
Pushing the extracted timeseries: a54f9534b693276495283793a214f89399b398367078c253c03cb2a2060ab024 to the pushing DB...
Inserted 1 rows from 23 tmieseries values successfully...
Unknown variable type: Tick
**************** Station: Waga, start_date: 2019-08-13 10:45:02, end_date: 2019-08-13 12:45:02 **************
#############Extracting and Pushing Precipitation of Station: Waga###############
No value in the timeseries for the Precipitation of station_Id: curw_waga in the extracting DB.
Unknown variable type: Tick
**************** Station: Mutwal, start_date: 2019-08-13 10:45:02, end_date: 2019-08-13 12:45:02 **************
#############Extracting and Pushing Precipitation of Station: Mutwal###############
No value in the timeseries for the Precipitation of station_Id: curw_mutwal in the extracting DB.
Unknown variable type: Tick
**************** Station: Malabe, start_date: 2019-08-13 10:45:02, end_date: 2019-08-13 12:45:02 **************
#############Extracting and Pushing Precipitation of Station: Malabe###############
No value in the timeseries for the Precipitation of station_Id: curw_malabe in the extracting DB.
Unknown variable type: Tick
**************** Station: Dickoya, start_date: 2019-08-13 10:45:02, end_date: 2019-08-13 12:45:02 **************
#############Extracting and Pushing Precipitation of Station: Dickoya###############
Pushing the extracted timeseries: f2104d445b7df5ff1134ff0abb1aaf4c613af83ee454a5e6990022e2f6482828 to the pushing DB...
Inserted 1 rows from 21 tmieseries values successfully...
Unknown variable type: Tick
**************** Station: Ambewela Farm, start_date: 2019-08-13 10:45:02, end_date: 2019-08-13 12:45:02 **************
#############Extracting and Pushing Precipitation of Station: Ambewela Farm###############
Pushing the extracted timeseries: d38fdf68551bad23a6ea672cc0106dd56e6a2ea6f3bd05e904fc2d7dfb6a6d33 to the pushing DB...
Inserted 0 rows from 22 tmieseries values successfully...
Unknown variable type: Tick
**************** Station: Mulleriyawa, start_date: 2019-08-13 10:45:02, end_date: 2019-08-13 12:45:02 **************
#############Extracting and Pushing Precipitation of Station: Mulleriyawa###############
No value in the timeseries for the Precipitation of station_Id: curw_mulleriyawa in the extracting DB.
Unknown variable type: Tick
**************** Station: Attidiya, start_date: 2019-08-13 10:45:02, end_date: 2019-08-13 12:45:02 **************
#############Extracting and Pushing Precipitation of Station: Attidiya###############
No value in the timeseries for the Precipitation of station_Id: curw_attidiya in the extracting DB.
Unknown variable type: Tick
**************** Station: Kohuwala, start_date: 2019-08-13 10:45:02, end_date: 2019-08-13 12:45:02 **************
#############Extracting and Pushing Precipitation of Station: Kohuwala###############
No value in the timeseries for the Precipitation of station_Id: curw_kohuwala in the extracting DB.
Unknown variable type: Tick
**************** Station: Hingurana, start_date: 2019-08-13 10:45:02, end_date: 2019-08-13 12:45:02 **************
#############Extracting and Pushing Precipitation of Station: Hingurana###############
No value in the timeseries for the Precipitation of station_Id: curw_hingurana in the extracting DB.
#############Extracting and Pushing Temperature of Station: Hingurana###############
No value in the timeseries for the Temperature of station_Id: curw_hingurana in the extracting DB.
#############Extracting and Pushing WindSpeed of Station: Hingurana###############
No value in the timeseries for the WindSpeed of station_Id: curw_hingurana in the extracting DB.
#############Extracting and Pushing WindGust of Station: Hingurana###############
No value in the timeseries for the WindGust of station_Id: curw_hingurana in the extracting DB.
#############Extracting and Pushing WindDirection of Station: Hingurana###############
No value in the timeseries for the WindDirection of station_Id: curw_hingurana in the extracting DB.
#############Extracting and Pushing Humidity of Station: Hingurana###############
No value in the timeseries for the Humidity of station_Id: curw_hingurana in the extracting DB.
#############Extracting and Pushing SolarRadiation of Station: Hingurana###############
No value in the timeseries for the SolarRadiation of station_Id: curw_hingurana in the extracting DB.
**************** Station: Jaffna, start_date: 2019-08-13 10:45:02, end_date: 2019-08-13 12:45:02 **************
#############Extracting and Pushing Precipitation of Station: Jaffna###############
Pushing the extracted timeseries: c9a5ed8264633afe15fcaeabf5249fa9dc62eeb1bb780ecf8d4fc46d78d04da3 to the pushing DB...
Inserted 1 rows from 23 tmieseries values successfully...
#############Extracting and Pushing Temperature of Station: Jaffna###############
Pushing the extracted timeseries: bbab011d9e8613a19d798b0d82371a1d5a3b5fa106f155d88d40f00d0f9c8171 to the pushing DB...
Inserted 1 rows from 24 tmieseries values successfully...
#############Extracting and Pushing WindSpeed of Station: Jaffna###############
Pushing the extracted timeseries: 74ea6b5d24ac99c83f84c9d511c8fbc2aa6198ab0c8f95373080f409d71b19e4 to the pushing DB...
Inserted 1 rows from 24 tmieseries values successfully...
#############Extracting and Pushing WindGust of Station: Jaffna###############
Pushing the extracted timeseries: 99aeb67cc30c296f217a879fde04b3f564cde4e0db12a827cd75049a0a858469 to the pushing DB...
Inserted 1 rows from 24 tmieseries values successfully...
#############Extracting and Pushing WindDirection of Station: Jaffna###############
Pushing the extracted timeseries: e64f948016c3ceeac30b4c3b67d5d9f14f1af3bd9e4afddc226321967e2dfdbb to the pushing DB...
Inserted 1 rows from 24 tmieseries values successfully...
#############Extracting and Pushing Humidity of Station: Jaffna###############
Pushing the extracted timeseries: 3927dfdb7d2fa6f1cb64de364dea5cd77ea3ef33dac495b92be0229976b103b9 to the pushing DB...
Inserted 1 rows from 24 tmieseries values successfully...
#############Extracting and Pushing SolarRadiation of Station: Jaffna###############
Pushing the extracted timeseries: 1ab22d8936115db3c173e44bd69fd14e5bec99920307163afa811c82a0b43206 to the pushing DB...
Inserted 1 rows from 24 tmieseries values successfully...
**************** Station: Uduwawala, start_date: 2019-08-13 10:45:02, end_date: 2019-08-13 12:45:02 **************
#############Extracting and Pushing Precipitation of Station: Uduwawala###############
No value in the timeseries for the Precipitation of station_Id: curw_uduwawala in the extracting DB.
#############Extracting and Pushing Temperature of Station: Uduwawala###############
No value in the timeseries for the Temperature of station_Id: curw_uduwawala in the extracting DB.
#############Extracting and Pushing WindSpeed of Station: Uduwawala###############
No value in the timeseries for the WindSpeed of station_Id: curw_uduwawala in the extracting DB.
#############Extracting and Pushing WindGust of Station: Uduwawala###############
No value in the timeseries for the WindGust of station_Id: curw_uduwawala in the extracting DB.
#############Extracting and Pushing WindDirection of Station: Uduwawala###############
No value in the timeseries for the WindDirection of station_Id: curw_uduwawala in the extracting DB.
#############Extracting and Pushing Humidity of Station: Uduwawala###############
No value in the timeseries for the Humidity of station_Id: curw_uduwawala in the extracting DB.
#############Extracting and Pushing SolarRadiation of Station: Uduwawala###############
No value in the timeseries for the SolarRadiation of station_Id: curw_uduwawala in the extracting DB.
**************** Station: Orugodawatta, start_date: 2019-08-13 10:45:02, end_date: 2019-08-13 12:45:02 **************
#############Extracting and Pushing Precipitation of Station: Orugodawatta###############
No value in the timeseries for the Precipitation of station_Id: curw_orugodawatta in the extracting DB.
#############Extracting and Pushing Temperature of Station: Orugodawatta###############
No value in the timeseries for the Temperature of station_Id: curw_orugodawatta in the extracting DB.
**************** Station: IBATTARA2, start_date: 2019-08-13 10:45:02, end_date: 2019-08-13 12:45:02 **************
#############Extracting and Pushing Precipitation of Station: IBATTARA2###############
Pushing the extracted timeseries: b7751a87e5ef0b31bc57a1809459dde62e80a1d908a60e8ee10358603b3141fd to the pushing DB...
Inserted 0 rows from 19 tmieseries values successfully...
#############Extracting and Pushing Temperature of Station: IBATTARA2###############
Pushing the extracted timeseries: 7a735c24e0b9dc46ab14d11e0095cd14f0d59714a88ef9bdc5329b9f272a4317 to the pushing DB...
Inserted 0 rows from 20 tmieseries values successfully...
**************** Station: Urumewella, start_date: 2019-08-13 10:45:02, end_date: 2019-08-13 12:45:02 **************
#############Extracting and Pushing Precipitation of Station: Urumewella###############
Pushing the extracted timeseries: 0af5ecec986be44699e267415799b8b349eeb4e4925881a9fad5cf47fa8f3019 to the pushing DB...
Inserted 0 rows from 19 tmieseries values successfully...
Unknown variable type: Tick
**************** Station: Aruwakkalu, start_date: 2019-08-13 10:45:02, end_date: 2019-08-13 12:45:02 **************
#############Extracting and Pushing Precipitation of Station: Aruwakkalu###############
No timeseries for the Precipitation of station_Id: curw_ws_aruwakkalu in the extracting DB.
#############Extracting and Pushing Temperature of Station: Aruwakkalu###############
No timeseries for the Precipitation of station_Id: curw_ws_aruwakkalu in the extracting DB.
#############Extracting and Pushing WindSpeed of Station: Aruwakkalu###############
No timeseries for the Precipitation of station_Id: curw_ws_aruwakkalu in the extracting DB.
#############Extracting and Pushing WindDirection of Station: Aruwakkalu###############
No timeseries for the Precipitation of station_Id: curw_ws_aruwakkalu in the extracting DB.
#############Extracting and Pushing Humidity of Station: Aruwakkalu###############
No timeseries for the Precipitation of station_Id: curw_ws_aruwakkalu in the extracting DB.
Unknown variable type: Tick
**************** Station: Leecom WL Guage, start_date: 2019-08-13 10:45:02, end_date: 2019-08-13 12:45:02 **************
#############Extracting and water level of Station: Leecom WL Guage###############
Pushing the extracted timeseries: 9794fc574333193311c6399260819355bd30b9f66f71168a56ccbe66d73faac6 to the pushing DB...
Inserted 1 rows from 23 tmieseries values successfully...
**************** Station: Diyasaru Uyana, start_date: 2019-08-13 10:45:02, end_date: 2019-08-13 12:45:02 **************
#############Extracting and water level of Station: Diyasaru Uyana###############
Pushing the extracted timeseries: e32d036201b193da24454fe80b5f81c9267f7e5ee7b3838aa4ba1cc1ee7d7d11 to the pushing DB...
Inserted 1 rows from 21 tmieseries values successfully...
**************** Station: Janakala Kendraya, start_date: 2019-08-13 10:45:02, end_date: 2019-08-13 12:45:02 **************
#############Extracting and water level of Station: Janakala Kendraya###############
Pushing the extracted timeseries: 70648fc7b9abd08530b1d735b5db19b3e940b8b5b72dd696c8114b0c4b01a6d2 to the pushing DB...
Inserted 1 rows from 23 tmieseries values successfully...
**************** Station: Ingurukade, start_date: 2019-08-13 10:45:02, end_date: 2019-08-13 12:45:02 **************
#############Extracting and water level of Station: Ingurukade###############
Pushing the extracted timeseries: 5c5210be1577a01a138fd646dff963fe4974c4dab1accd175cc8ff73cf11bae8 to the pushing DB...
Inserted 1 rows from 23 tmieseries values successfully...
**************** Station: Yakbedda, start_date: 2019-08-13 10:45:02, end_date: 2019-08-13 12:45:02 **************
#############Extracting and water level of Station: Yakbedda###############
Pushing the extracted timeseries: 327623fdbfa1443611273a2cd99372fdabd519d415d76839b17155f4f63c3b0f to the pushing DB...
Inserted 1 rows from 23 tmieseries values successfully...
**************** Station: Wellampitiya, start_date: 2019-08-13 10:45:02, end_date: 2019-08-13 12:45:02 **************
#############Extracting and water level of Station: Wellampitiya###############
Pushing the extracted timeseries: b1a3f3b458e68295d1ec7c07042712b2ce94cdf7434fb74866bb310ce17d5e71 to the pushing DB...
Inserted 1 rows from 23 tmieseries values successfully...
**************** Station: Wellawatta, start_date: 2019-08-13 10:45:02, end_date: 2019-08-13 12:45:02 **************
#############Extracting and water level of Station: Wellawatta###############
Pushing the extracted timeseries: fcd9608cafcb5e48b7c93f6fe61feb8803cea591a2c93bebb9244c47dc116a53 to the pushing DB...
Inserted 1 rows from 23 tmieseries values successfully...
**************** Station: Kitulgala, start_date: 2019-08-13 10:45:02, end_date: 2019-08-13 12:45:02 **************
#############Extracting and water level of Station: Kitulgala###############
No value in the timeseries for the Waterlevel of station_Id: curw_wl_kitulgala in the extracting DB.
**************** Station: Ranwala Bridge, start_date: 2019-08-13 10:45:02, end_date: 2019-08-13 12:45:02 **************
#############Extracting and water level of Station: Ranwala Bridge###############
No value in the timeseries for the Waterlevel of station_Id: curw_wl_ranwala in the extracting DB.
**************** Station: Mattakkuliya, start_date: 2019-08-13 10:45:02, end_date: 2019-08-13 12:45:02 **************
#############Extracting and water level of Station: Mattakkuliya###############
No value in the timeseries for the Waterlevel of station_Id: curw_wl_mattakkuliya in the extracting DB.
